# JRE version: Java(TM) SE Runtime Environment (8.0_144-b01) (build 1.8.0_144-b01)
# Java VM: Java HotSpot(TM) 64-Bit Server VM (25.144-b01 mixed mode windows-amd64 compressed oops)
Heap:
 PSYoungGen      total 14848K, used 6001K [0x00000000d5a00000, 0x00000000d6f80000, 0x0000000100000000)
  eden space 10752K, 44% used [0x00000000d5a00000,0x00000000d5ea7c28,0x00000000d6480000)
  from space 4096K, 30% used [0x00000000d6b80000,0x00000000d6cb4b18,0x00000000d6f80000)
  to   space 5632K, 0% used [0x00000000d6480000,0x00000000d6480000,0x00000000d6a00000)
 ParOldGen       total 17408K, used 9867K [0x0000000080e00000, 0x0000000081f00000, 0x00000000d5a00000)
  object space 17408K, 56% used [0x0000000080e00000,0x00000000817a2de0,0x0000000081f00000)
 Metaspace       used 8045K, capacity 8692K, committed 8960K, reserved 1056768K
  class space    used 927K, capacity 944K, committed 1024K, reserved 1048576K
GC Heap History (10 events):
Event: 0.806 GC heap before
{Heap before GC invocations=8 (full 0):
 PSYoungGen      total 7168K, used 7145K [0x00000000d5a00000, 0x00000000d6900000, 0x0000000100000000)
  eden space 5632K, 100% used [0x00000000d5a00000,0x00000000d5f80000,0x00000000d5f80000)
  from space 1536K, 98% used [0x00000000d5f80000,0x00000000d60fa4d8,0x00000000d6100000)
  to   space 2048K, 0% used [0x00000000d6700000,0x00000000d6700000,0x00000000d6900000)
 ParOldGen       total 5632K, used 1803K [0x0000000080e00000, 0x0000000081380000, 0x00000000d5a00000)
  object space 5632K, 32% used [0x0000000080e00000,0x0000000080fc2f70,0x0000000081380000)
 Metaspace       used 7625K, capacity 8372K, committed 8704K, reserved 1056768K
  class space    used 908K, capacity 944K, committed 1024K, reserved 1048576K
Event: 0.817 GC heap after
Heap after GC invocations=8 (full 0):
 PSYoungGen      total 11264K, used 2041K [0x00000000d5a00000, 0x00000000d6d00000, 0x0000000100000000)
  eden space 9216K, 0% used [0x00000000d5a00000,0x00000000d5a00000,0x00000000d6300000)
  from space 2048K, 99% used [0x00000000d6700000,0x00000000d68fe748,0x00000000d6900000)
  to   space 4096K, 0% used [0x00000000d6300000,0x00000000d6300000,0x00000000d6700000)
 ParOldGen       total 5632K, used 5418K [0x0000000080e00000, 0x0000000081380000, 0x00000000d5a00000)
  object space 5632K, 96% used [0x0000000080e00000,0x000000008134a9f8,0x0000000081380000)
 Metaspace       used 7625K, capacity 8372K, committed 8704K, reserved 1056768K
  class space    used 908K, capacity 944K, committed 1024K, reserved 1048576K
}
Event: 0.817 GC heap before
{Heap before GC invocations=9 (full 1):
 PSYoungGen      total 11264K, used 2041K [0x00000000d5a00000, 0x00000000d6d00000, 0x0000000100000000)
  eden space 9216K, 0% used [0x00000000d5a00000,0x00000000d5a00000,0x00000000d6300000)
  from space 2048K, 99% used [0x00000000d6700000,0x00000000d68fe748,0x00000000d6900000)
  to   space 4096K, 0% used [0x00000000d6300000,0x00000000d6300000,0x00000000d6700000)
 ParOldGen       total 5632K, used 5418K [0x0000000080e00000, 0x0000000081380000, 0x00000000d5a00000)
  object space 5632K, 96% used [0x0000000080e00000,0x000000008134a9f8,0x0000000081380000)
 Metaspace       used 7625K, capacity 8372K, committed 8704K, reserved 1056768K
  class space    used 908K, capacity 944K, committed 1024K, reserved 1048576K
Event: 0.849 GC heap after
Heap after GC invocations=9 (full 1):
 PSYoungGen      total 11264K, used 2030K [0x00000000d5a00000, 0x00000000d6d00000, 0x0000000100000000)
  eden space 9216K, 0% used [0x00000000d5a00000,0x00000000d5a00000,0x00000000d6300000)
  from space 2048K, 99% used [0x00000000d6700000,0x00000000d68fbb98,0x00000000d6900000)
  to   space 4096K, 0% used [0x00000000d6300000,0x00000000d6300000,0x00000000d6700000)
 ParOldGen       total 10240K, used 5239K [0x0000000080e00000, 0x0000000081800000, 0x00000000d5a00000)
  object space 10240K, 51% used [0x0000000080e00000,0x000000008131dd48,0x0000000081800000)
 Metaspace       used 7625K, capacity 8372K, committed 8704K, reserved 1056768K
  class space    used 908K, capacity 944K, committed 1024K, reserved 1048576K
}
Event: 0.958 GC heap before
{Heap before GC invocations=10 (full 1):
 PSYoungGen      total 11264K, used 11246K [0x00000000d5a00000, 0x00000000d6d00000, 0x0000000100000000)
  eden space 9216K, 100% used [0x00000000d5a00000,0x00000000d6300000,0x00000000d6300000)
  from space 2048K, 99% used [0x00000000d6700000,0x00000000d68fbb98,0x00000000d6900000)
  to   space 4096K, 0% used [0x00000000d6300000,0x00000000d6300000,0x00000000d6700000)
 ParOldGen       total 10240K, used 5239K [0x0000000080e00000, 0x0000000081800000, 0x00000000d5a00000)
  object space 10240K, 51% used [0x0000000080e00000,0x000000008131dd48,0x0000000081800000)
 Metaspace       used 7828K, capacity 8500K, committed 8704K, reserved 1056768K
  class space    used 923K, capacity 944K, committed 1024K, reserved 1048576K
Event: 0.964 GC heap after
Heap after GC invocations=10 (full 1):
 PSYoungGen      total 13312K, used 4091K [0x00000000d5a00000, 0x00000000d7100000, 0x0000000100000000)
  eden space 9216K, 0% used [0x00000000d5a00000,0x00000000d5a00000,0x00000000d6300000)
  from space 4096K, 99% used [0x00000000d6300000,0x00000000d66feea8,0x00000000d6700000)
  to   space 5632K, 0% used [0x00000000d6b80000,0x00000000d6b80000,0x00000000d7100000)
 ParOldGen       total 10240K, used 7613K [0x0000000080e00000, 0x0000000081800000, 0x00000000d5a00000)
  object space 10240K, 74% used [0x0000000080e00000,0x000000008156f4c0,0x0000000081800000)
 Metaspace       used 7828K, capacity 8500K, committed 8704K, reserved 1056768K
  class space    used 923K, capacity 944K, committed 1024K, reserved 1048576K
}
Event: 0.964 GC heap before
{Heap before GC invocations=11 (full 2):
 PSYoungGen      total 13312K, used 4091K [0x00000000d5a00000, 0x00000000d7100000, 0x0000000100000000)
  eden space 9216K, 0% used [0x00000000d5a00000,0x00000000d5a00000,0x00000000d6300000)
  from space 4096K, 99% used [0x00000000d6300000,0x00000000d66feea8,0x00000000d6700000)
  to   space 5632K, 0% used [0x00000000d6b80000,0x00000000d6b80000,0x00000000d7100000)
 ParOldGen       total 10240K, used 7613K [0x0000000080e00000, 0x0000000081800000, 0x00000000d5a00000)
  object space 10240K, 74% used [0x0000000080e00000,0x000000008156f4c0,0x0000000081800000)
 Metaspace       used 7828K, capacity 8500K, committed 8704K, reserved 1056768K
  class space    used 923K, capacity 944K, committed 1024K, reserved 1048576K
Event: 0.990 GC heap after
Heap after GC invocations=11 (full 2):
 PSYoungGen      total 13312K, used 0K [0x00000000d5a00000, 0x00000000d7100000, 0x0000000100000000)
  eden space 9216K, 0% used [0x00000000d5a00000,0x00000000d5a00000,0x00000000d6300000)
  from space 4096K, 0% used [0x00000000d6300000,0x00000000d6300000,0x00000000d6700000)
  to   space 5632K, 0% used [0x00000000d6b80000,0x00000000d6b80000,0x00000000d7100000)
 ParOldGen       total 17408K, used 9867K [0x0000000080e00000, 0x0000000081f00000, 0x00000000d5a00000)
  object space 17408K, 56% used [0x0000000080e00000,0x00000000817a2de0,0x0000000081f00000)
 Metaspace       used 7828K, capacity 8500K, committed 8704K, reserved 1056768K
  class space    used 923K, capacity 944K, committed 1024K, reserved 1048576K
}
Event: 1.041 GC heap before
{Heap before GC invocations=12 (full 2):
 PSYoungGen      total 13312K, used 9216K [0x00000000d5a00000, 0x00000000d7100000, 0x0000000100000000)
  eden space 9216K, 100% used [0x00000000d5a00000,0x00000000d6300000,0x00000000d6300000)
  from space 4096K, 0% used [0x00000000d6300000,0x00000000d6300000,0x00000000d6700000)
  to   space 5632K, 0% used [0x00000000d6b80000,0x00000000d6b80000,0x00000000d7100000)
 ParOldGen       total 17408K, used 9867K [0x0000000080e00000, 0x0000000081f00000, 0x00000000d5a00000)
  object space 17408K, 56% used [0x0000000080e00000,0x00000000817a2de0,0x0000000081f00000)
 Metaspace       used 7918K, capacity 8564K, committed 8704K, reserved 1056768K
  class space    used 924K, capacity 944K, committed 1024K, reserved 1048576K
Event: 1.045 GC heap after
Heap after GC invocations=12 (full 2):
 PSYoungGen      total 14848K, used 1234K [0x00000000d5a00000, 0x00000000d6f80000, 0x0000000100000000)
  eden space 10752K, 0% used [0x00000000d5a00000,0x00000000d5a00000,0x00000000d6480000)
  from space 4096K, 30% used [0x00000000d6b80000,0x00000000d6cb4b18,0x00000000d6f80000)
  to   space 5632K, 0% used [0x00000000d6480000,0x00000000d6480000,0x00000000d6a00000)
 ParOldGen       total 17408K, used 9867K [0x0000000080e00000, 0x0000000081f00000, 0x00000000d5a00000)
  object space 17408K, 56% used [0x0000000080e00000,0x00000000817a2de0,0x0000000081f00000)
 Metaspace       used 7918K, capacity 8564K, committed 8704K, reserved 1056768K
  class space    used 924K, capacity 944K, committed 1024K, reserved 1048576K
}

